<?xml version="1.0" encoding="UTF-8"?>
<!-- Generated by org.testng.reporters.JUnitXMLReporter -->
<testsuite ignored="0" hostname="Aketua" failures="0" tests="3" name="Test" time="55.768" errors="0" timestamp="2020-05-23T12:56:51 PDT">
  <testcase classname="E2E.copart.ValidateTitle" name="intialize" time="7.281"/>
  <testcase classname="E2E.copart.HomePage" name="intialize" time="16.639"/>
  <testcase classname="E2E.copart.ValidateLogo" name="iconIsDisplayed" time="0.17"/>
</testsuite> <!-- Test -->
