<?xml version="1.0" encoding="UTF-8"?>
<!-- Generated by org.testng.reporters.JUnitXMLReporter -->
<testsuite ignored="0" hostname="Aketua" failures="0" tests="3" name="Test" time="45.975" errors="0" timestamp="2020-05-26T13:38:52 PDT">
  <testcase classname="E2E.copart.ValidateTitle" name="intialize" time="0.053"/>
  <testcase classname="E2E.copart.HomePage" name="intialize" time="21.52"/>
  <testcase classname="E2E.copart.ValidateLogo" name="iconIsDisplayed" time="0.104"/>
</testsuite> <!-- Test -->
