<?xml version="1.0" encoding="UTF-8"?>
<!-- Generated by org.testng.reporters.JUnitXMLReporter -->
<testsuite ignored="0" hostname="Aketua" failures="0" tests="3" name="Validating user Login" time="0.1" errors="0" timestamp="2020-05-28T14:32:12 PDT">
  <testcase classname="E2E.copart.HomePage" name="@BeforeTest intial" time="0.021">
    <failure type="java.lang.NullPointerException">
      <![CDATA[java.lang.NullPointerException
at resources.Base.initializeBrowser(Base.java:29)
at E2E.copart.HomePage.intial(HomePage.java:26)
at java.base/java.util.concurrent.FutureTask.run(FutureTask.java:264)
at java.base/java.util.concurrent.ThreadPoolExecutor.runWorker(ThreadPoolExecutor.java:1128)
at java.base/java.util.concurrent.ThreadPoolExecutor$Worker.run(ThreadPoolExecutor.java:628)
at java.base/java.lang.Thread.run(Thread.java:834)
... Removed 15 stack frames]]>
    </failure>
  </testcase> <!-- @BeforeTest intial -->
  <testcase classname="E2E.copart.HomePage" name="@AfterTest teardown" time="-1.590701532366E9">
    <skipped/>
  </testcase> <!-- @AfterTest teardown -->
  <testcase classname="E2E.copart.ValidateTitle" name="intialize" time="0.0">
    <skipped/>
  </testcase> <!-- intialize -->
  <testcase classname="E2E.copart.ValidateLogo" name="iconIsDisplayed" time="0.0">
    <skipped/>
  </testcase> <!-- iconIsDisplayed -->
  <testcase classname="E2E.copart.HomePage" name="intialize" time="0.0">
    <skipped/>
  </testcase> <!-- intialize -->
</testsuite> <!-- Validating user Login -->
