<?xml version="1.0" encoding="UTF-8"?>
<testsuite xmlns:xsi="http://www.w3.org/2001/XMLSchema-instance" xsi:noNamespaceSchemaLocation="https://maven.apache.org/surefire/maven-surefire-plugin/xsd/surefire-test-report-3.0.xsd" version="3.0" name="TestSuite" time="2.799" tests="9" errors="0" skipped="6" failures="3">
  <properties>
[...]
</properties>
  <testcase name="intial" classname="E2E.copart.ValidateTitle" time="1.685">
    <failure type="java.lang.NullPointerException"><![CDATA[java.lang.NullPointerException
	at E2E.copart.ValidateTitle.intial(ValidateTitle.java:25)
]]></failure>
  </testcase>
  <testcase name="intialize" classname="E2E.copart.ValidateTitle" time="0">
    <skipped/>
  </testcase>
  <testcase name="teardown" classname="E2E.copart.ValidateTitle" time="0">
    <skipped/>
  </testcase>
  <testcase name="intialize" classname="E2E.copart.ValidateLogo" time="1.686">
    <failure type="java.lang.NullPointerException"><![CDATA[java.lang.NullPointerException
	at E2E.copart.ValidateLogo.intialize(ValidateLogo.java:21)
]]></failure>
  </testcase>
  <testcase name="iconIsDisplayed" classname="E2E.copart.ValidateLogo" time="0">
    <skipped/>
  </testcase>
  <testcase name="teardown" classname="E2E.copart.ValidateLogo" time="0">
    <skipped/>
  </testcase>
  <testcase name="intial" classname="E2E.copart.HomePage" time="1.686">
    <failure type="java.lang.NullPointerException"><![CDATA[java.lang.NullPointerException
	at E2E.copart.HomePage.intial(HomePage.java:26)
]]></failure>
  </testcase>
  <testcase name="intialize" classname="E2E.copart.HomePage" time="0">
    <skipped/>
  </testcase>
  <testcase name="teardown" classname="E2E.copart.HomePage" time="0">
    <skipped/>
  </testcase>
</testsuite>